C51 COMPILER V8.02   MAIN                                                                  07/07/2016 11:37:35 PAGE 1   


C51 COMPILER V8.02, COMPILATION OF MODULE MAIN
OBJECT MODULE PLACED IN ..\output\main.obj
COMPILER INVOKED BY: D:\Program Files (x86)\Keil\C51\BIN\C51.EXE main.c BROWSE INCDIR(..\Peripherals\inc\) DEBUG OBJECTE
                    -XTEND PRINT(..\lis\main.lst) OBJECT(..\output\main.obj)

line level    source

   1          #include <reg52.h>
   2          #include "usart.h"
   3          #include "iic.h"  
   4          /*
   5          硬件接法：
   6          GY-955---c51
   7          1、GY-3955_RX---c51_TX,c51复位将发送AA 38 E2 给模块
   8          2、c51_TX---FT232,STM32将数据上传给上位机
   9          3、GY-955_TX---c51_RX，接收模块角度数据
  10          软件说明:
  11          该程序采用串口方式获取模块数据，波特率9600
  12          所以得用上位机先将模块串口设置成9600，然后再进行以上操作：
  13          指令:A5 AE 53,模块需复位生效
  14          
  15          注：中断函数位于stc_it.c
  16          联系方式：
  17          http://shop62474960.taobao.com/?spm=a230r.7195193.1997079397.2.9qa3Ky&v=1
  18          */
  19          void send_com(u8 datas)
  20          {
  21   1              u8 bytes[3]={0};
  22   1              bytes[0]=0xaa;
  23   1              bytes[1]=datas;//功能字节
  24   1              USART_Send(bytes,3);//发送帧头、功能字节、校验和
  25   1      }
  26          void delay(uint16_t x)
  27          {
  28   1        while(x--);
  29   1      }
  30          int main(void)
  31          {
  32   1        
  33   1          u8 sum=0,i=0;
  34   1              int16_t DATA[7];
  35   1      //      float ROLL,PITCH,YAW;
  36   1         // float Q4[4];
  37   1              Usart_Int(9600);
  38   1              delay(60000);
  39   1              delay(60000);
  40   1              delay(60000);
  41   1              delay(60000);      //等待模块初始化完成
  42   1              send_com(0x38);//发送读欧拉角和四元数指令
  43   1      
  44   1              while(1)
  45   1              {
  46   2                      if(Receive_ok)//串口接收完毕
  47   2                      {
  48   3                              for(sum=0,i=0;i<(raw_data[3]+4);i++)//rgb_data[3]=15
  49   3                              sum+=raw_data[i];
  50   3                      if(sum==raw_data[i])//校验和判断
  51   3                              {
  52   4                                      DATA[0]=(raw_data[4]<<8)|raw_data[5];
  53   4                              DATA[1]=(raw_data[6]<<8)|raw_data[7];
  54   4                              DATA[2]=(raw_data[8]<<8)|raw_data[9];
C51 COMPILER V8.02   MAIN                                                                  07/07/2016 11:37:35 PAGE 2   

  55   4                              DATA[3]=(raw_data[10]<<8)|raw_data[11];
  56   4                              DATA[4]=(raw_data[12]<<8)|raw_data[13];
  57   4                              DATA[5]=(raw_data[14]<<8)|raw_data[15];
  58   4                              DATA[6]=(raw_data[16]<<8)|raw_data[17];
  59   4                      /*      YAW= (float)((uint16_t)DATA[0])/100;
  60   4                              ROLL=(float)DATA[1]/100;
  61   4                              PITCH=  (float)(DATA[2])/100;
  62   4                              Q4[0]= (float)DATA[3]/10000;
  63   4                              Q4[1]= (float)DATA[4]/10000;
  64   4                              Q4[2]= (float)DATA[5]/10000;
  65   4                              Q4[3]= (float)DATA[6]/10000;  */
  66   4                                      send_3out(&raw_data[4],15,raw_data[2]&0X1F);//上传给上位机
  67   4                                      
  68   4                              }
  69   3                              Receive_ok=0;//处理数据完毕标志
  70   3                      }       
  71   2              }
  72   1      }


MODULE INFORMATION:   STATIC OVERLAYABLE
   CODE SIZE        =    218    ----
   CONSTANT SIZE    =      3    ----
   XDATA SIZE       =   ----    ----
   PDATA SIZE       =   ----    ----
   DATA SIZE        =   ----      20
   IDATA SIZE       =   ----    ----
   BIT SIZE         =   ----    ----
END OF MODULE INFORMATION.


C51 COMPILATION COMPLETE.  0 WARNING(S),  0 ERROR(S)
